<?xml version="1.0" encoding="UTF-8"?>
<testsuite name="IosDevice" tests="1" skipped="0" failures="0" errors="0" timestamp="2023-10-06T15:51:53" hostname="FVFGL29DQ6LT" time="1.708">
  <properties/>
  <testcase name="givenTab2Button_whenClicked_thenSwitchViewToTab2()" classname="IosDevice" time="1.708"/>
  <system-out><![CDATA[]]></system-out>
  <system-err><![CDATA[SLF4J: No SLF4J providers were found.
SLF4J: Defaulting to no-operation (NOP) logger implementation
SLF4J: See https://www.slf4j.org/codes.html#noProviders for further details.
]]></system-err>
</testsuite>
